<?xml version="1.0" encoding="UTF-8"?>
<coverage generated="1598711246362" clover="3.2.0">
  <project timestamp="1598711246362" name="All files">
    <metrics statements="66" coveredstatements="66" conditionals="30" coveredconditionals="29" methods="11" coveredmethods="11" elements="107" coveredelements="106" complexity="0" loc="66" ncloc="66" packages="1" files="1" classes="1"/>
    <file name="model.ts" path="C:\Projects\Slider\src\model.ts">
      <metrics statements="66" coveredstatements="66" conditionals="30" coveredconditionals="29" methods="11" coveredmethods="11"/>
      <line num="21" count="6" type="stmt"/>
      <line num="22" count="6" type="cond" truecount="2" falsecount="0"/>
      <line num="23" count="3" type="stmt"/>
      <line num="25" count="6" type="stmt"/>
      <line num="34" count="6" type="stmt"/>
      <line num="35" count="3" type="cond" truecount="2" falsecount="0"/>
      <line num="36" count="1" type="stmt"/>
      <line num="37" count="1" type="stmt"/>
      <line num="40" count="2" type="stmt"/>
      <line num="41" count="2" type="stmt"/>
      <line num="42" count="2" type="stmt"/>
      <line num="43" count="2" type="stmt"/>
      <line num="44" count="2" type="stmt"/>
      <line num="48" count="6" type="stmt"/>
      <line num="49" count="2" type="stmt"/>
      <line num="50" count="2" type="stmt"/>
      <line num="51" count="2" type="cond" truecount="4" falsecount="0"/>
      <line num="52" count="1" type="stmt"/>
      <line num="54" count="2" type="stmt"/>
      <line num="58" count="6" type="stmt"/>
      <line num="59" count="6" type="stmt"/>
      <line num="60" count="6" type="stmt"/>
      <line num="61" count="11" type="cond" truecount="2" falsecount="0"/>
      <line num="62" count="5" type="cond" truecount="2" falsecount="0"/>
      <line num="63" count="1" type="stmt"/>
      <line num="66" count="4" type="stmt"/>
      <line num="67" count="4" type="stmt"/>
      <line num="68" count="4" type="stmt"/>
      <line num="72" count="6" type="stmt"/>
      <line num="77" count="6" type="stmt"/>
      <line num="78" count="6" type="cond" truecount="4" falsecount="0"/>
      <line num="79" count="4" type="stmt"/>
      <line num="81" count="2" type="stmt"/>
      <line num="85" count="6" type="stmt"/>
      <line num="86" count="6" type="cond" truecount="2" falsecount="0"/>
      <line num="87" count="3" type="stmt"/>
      <line num="90" count="3" type="stmt"/>
      <line num="94" count="6" type="stmt"/>
      <line num="95" count="6" type="cond" truecount="2" falsecount="0"/>
      <line num="96" count="3" type="stmt"/>
      <line num="99" count="3" type="stmt"/>
      <line num="103" count="6" type="stmt"/>
      <line num="104" count="6" type="stmt"/>
      <line num="107" count="6" type="stmt"/>
      <line num="108" count="6" type="cond" truecount="4" falsecount="0"/>
      <line num="109" count="3" type="stmt"/>
      <line num="111" count="3" type="stmt"/>
      <line num="114" count="6" type="stmt"/>
      <line num="115" count="6" type="stmt"/>
      <line num="116" count="6" type="cond" truecount="2" falsecount="0"/>
      <line num="117" count="3" type="stmt"/>
      <line num="120" count="3" type="stmt"/>
      <line num="121" count="17" type="stmt"/>
      <line num="125" count="17" type="cond" truecount="1" falsecount="1"/>
      <line num="126" count="17" type="stmt"/>
      <line num="128" count="17" type="stmt"/>
      <line num="129" count="17" type="cond" truecount="2" falsecount="0"/>
      <line num="130" count="3" type="stmt"/>
      <line num="131" count="3" type="stmt"/>
      <line num="133" count="17" type="stmt"/>
      <line num="139" count="6" type="stmt"/>
      <line num="140" count="3" type="stmt"/>
      <line num="141" count="10" type="stmt"/>
      <line num="145" count="10" type="stmt"/>
      <line num="146" count="10" type="stmt"/>
      <line num="147" count="10" type="stmt"/>
    </file>
  </project>
</coverage>
