<?xml version="1.0" encoding="UTF-8"?>
<coverage generated="1598100553667" clover="3.2.0">
  <project timestamp="1598100553667" name="All files">
    <metrics statements="61" coveredstatements="61" conditionals="20" coveredconditionals="20" methods="11" coveredmethods="11" elements="92" coveredelements="92" complexity="0" loc="61" ncloc="61" packages="1" files="1" classes="1"/>
    <file name="model.ts" path="C:\Projects\Slider\src\model.ts">
      <metrics statements="61" coveredstatements="61" conditionals="20" coveredconditionals="20" methods="11" coveredmethods="11"/>
      <line num="23" count="6" type="stmt"/>
      <line num="24" count="6" type="cond" truecount="2" falsecount="0"/>
      <line num="25" count="3" type="stmt"/>
      <line num="27" count="6" type="stmt"/>
      <line num="36" count="6" type="stmt"/>
      <line num="37" count="3" type="cond" truecount="2" falsecount="0"/>
      <line num="38" count="1" type="stmt"/>
      <line num="39" count="1" type="stmt"/>
      <line num="42" count="2" type="stmt"/>
      <line num="43" count="2" type="stmt"/>
      <line num="44" count="2" type="stmt"/>
      <line num="45" count="2" type="stmt"/>
      <line num="46" count="2" type="stmt"/>
      <line num="50" count="6" type="stmt"/>
      <line num="51" count="2" type="stmt"/>
      <line num="52" count="2" type="stmt"/>
      <line num="53" count="2" type="cond" truecount="4" falsecount="0"/>
      <line num="54" count="1" type="stmt"/>
      <line num="56" count="2" type="stmt"/>
      <line num="60" count="6" type="stmt"/>
      <line num="61" count="6" type="stmt"/>
      <line num="62" count="6" type="stmt"/>
      <line num="63" count="11" type="cond" truecount="2" falsecount="0"/>
      <line num="64" count="5" type="cond" truecount="2" falsecount="0"/>
      <line num="65" count="1" type="stmt"/>
      <line num="68" count="4" type="stmt"/>
      <line num="69" count="4" type="stmt"/>
      <line num="70" count="4" type="stmt"/>
      <line num="74" count="6" type="stmt"/>
      <line num="79" count="6" type="stmt"/>
      <line num="80" count="6" type="stmt"/>
      <line num="83" count="6" type="stmt"/>
      <line num="84" count="6" type="cond" truecount="2" falsecount="0"/>
      <line num="85" count="3" type="stmt"/>
      <line num="88" count="3" type="stmt"/>
      <line num="92" count="6" type="stmt"/>
      <line num="93" count="6" type="cond" truecount="2" falsecount="0"/>
      <line num="94" count="3" type="stmt"/>
      <line num="97" count="3" type="stmt"/>
      <line num="101" count="6" type="stmt"/>
      <line num="102" count="6" type="stmt"/>
      <line num="105" count="6" type="stmt"/>
      <line num="106" count="6" type="stmt"/>
      <line num="109" count="6" type="stmt"/>
      <line num="110" count="6" type="stmt"/>
      <line num="111" count="6" type="cond" truecount="2" falsecount="0"/>
      <line num="112" count="3" type="stmt"/>
      <line num="115" count="3" type="stmt"/>
      <line num="116" count="17" type="stmt"/>
      <line num="117" count="17" type="stmt"/>
      <line num="118" count="17" type="stmt"/>
      <line num="119" count="17" type="cond" truecount="2" falsecount="0"/>
      <line num="120" count="3" type="stmt"/>
      <line num="121" count="3" type="stmt"/>
      <line num="123" count="17" type="stmt"/>
      <line num="129" count="6" type="stmt"/>
      <line num="130" count="3" type="stmt"/>
      <line num="131" count="10" type="stmt"/>
      <line num="132" count="10" type="stmt"/>
      <line num="133" count="10" type="stmt"/>
      <line num="134" count="10" type="stmt"/>
    </file>
  </project>
</coverage>
