{"C:\\Projects\\Slider\\src\\model.ts": {"path":"C:\\Projects\\Slider\\src\\model.ts","statementMap":{"0":{"start":{"line":21,"column":8},"end":{"line":21,"column":31}},"1":{"start":{"line":22,"column":8},"end":{"line":24,"column":9}},"2":{"start":{"line":23,"column":12},"end":{"line":23,"column":35}},"3":{"start":{"line":25,"column":8},"end":{"line":31,"column":29}},"4":{"start":{"line":34,"column":22},"end":{"line":46,"column":5}},"5":{"start":{"line":35,"column":8},"end":{"line":45,"column":9}},"6":{"start":{"line":36,"column":14},"end":{"line":36,"column":76}},"7":{"start":{"line":37,"column":14},"end":{"line":37,"column":21}},"8":{"start":{"line":40,"column":23},"end":{"line":40,"column":52}},"9":{"start":{"line":41,"column":34},"end":{"line":41,"column":50}},"10":{"start":{"line":42,"column":12},"end":{"line":42,"column":43}},"11":{"start":{"line":43,"column":12},"end":{"line":43,"column":51}},"12":{"start":{"line":44,"column":12},"end":{"line":44,"column":48}},"13":{"start":{"line":48,"column":29},"end":{"line":55,"column":5}},"14":{"start":{"line":49,"column":8},"end":{"line":49,"column":39}},"15":{"start":{"line":50,"column":8},"end":{"line":50,"column":50}},"16":{"start":{"line":51,"column":8},"end":{"line":53,"column":9}},"17":{"start":{"line":52,"column":12},"end":{"line":52,"column":61}},"18":{"start":{"line":54,"column":8},"end":{"line":54,"column":34}},"19":{"start":{"line":58,"column":29},"end":{"line":75,"column":5}},"20":{"start":{"line":59,"column":8},"end":{"line":59,"column":31}},"21":{"start":{"line":60,"column":8},"end":{"line":74,"column":9}},"22":{"start":{"line":60,"column":21},"end":{"line":60,"column":22}},"23":{"start":{"line":61,"column":12},"end":{"line":73,"column":13}},"24":{"start":{"line":62,"column":16},"end":{"line":69,"column":17}},"25":{"start":{"line":63,"column":20},"end":{"line":63,"column":27}},"26":{"start":{"line":66,"column":40},"end":{"line":66,"column":69}},"27":{"start":{"line":67,"column":45},"end":{"line":67,"column":71}},"28":{"start":{"line":68,"column":20},"end":{"line":68,"column":48}},"29":{"start":{"line":72,"column":16},"end":{"line":72,"column":69}},"30":{"start":{"line":77,"column":20},"end":{"line":83,"column":5}},"31":{"start":{"line":78,"column":8},"end":{"line":81,"column":21}},"32":{"start":{"line":79,"column":12},"end":{"line":79,"column":86}},"33":{"start":{"line":81,"column":14},"end":{"line":81,"column":20}},"34":{"start":{"line":85,"column":21},"end":{"line":92,"column":5}},"35":{"start":{"line":86,"column":8},"end":{"line":91,"column":9}},"36":{"start":{"line":87,"column":12},"end":{"line":87,"column":54}},"37":{"start":{"line":90,"column":12},"end":{"line":90,"column":78}},"38":{"start":{"line":94,"column":21},"end":{"line":101,"column":5}},"39":{"start":{"line":95,"column":8},"end":{"line":100,"column":9}},"40":{"start":{"line":96,"column":12},"end":{"line":96,"column":60}},"41":{"start":{"line":99,"column":12},"end":{"line":99,"column":74}},"42":{"start":{"line":103,"column":22},"end":{"line":105,"column":5}},"43":{"start":{"line":104,"column":8},"end":{"line":104,"column":50}},"44":{"start":{"line":107,"column":20},"end":{"line":112,"column":5}},"45":{"start":{"line":108,"column":8},"end":{"line":111,"column":21}},"46":{"start":{"line":109,"column":12},"end":{"line":109,"column":84}},"47":{"start":{"line":111,"column":14},"end":{"line":111,"column":20}},"48":{"start":{"line":114,"column":19},"end":{"line":137,"column":5}},"49":{"start":{"line":115,"column":8},"end":{"line":115,"column":28}},"50":{"start":{"line":116,"column":8},"end":{"line":135,"column":9}},"51":{"start":{"line":117,"column":12},"end":{"line":117,"column":38}},"52":{"start":{"line":120,"column":12},"end":{"line":134,"column":13}},"53":{"start":{"line":120,"column":25},"end":{"line":120,"column":26}},"54":{"start":{"line":121,"column":34},"end":{"line":124,"column":17}},"55":{"start":{"line":125,"column":16},"end":{"line":127,"column":17}},"56":{"start":{"line":126,"column":20},"end":{"line":126,"column":79}},"57":{"start":{"line":128,"column":16},"end":{"line":128,"column":54}},"58":{"start":{"line":129,"column":16},"end":{"line":132,"column":17}},"59":{"start":{"line":130,"column":20},"end":{"line":130,"column":41}},"60":{"start":{"line":131,"column":20},"end":{"line":131,"column":55}},"61":{"start":{"line":133,"column":16},"end":{"line":133,"column":44}},"62":{"start":{"line":139,"column":25},"end":{"line":149,"column":5}},"63":{"start":{"line":140,"column":8},"end":{"line":148,"column":9}},"64":{"start":{"line":140,"column":21},"end":{"line":140,"column":22}},"65":{"start":{"line":141,"column":30},"end":{"line":144,"column":13}},"66":{"start":{"line":145,"column":12},"end":{"line":145,"column":50}},"67":{"start":{"line":146,"column":12},"end":{"line":146,"column":50}},"68":{"start":{"line":147,"column":12},"end":{"line":147,"column":40}}},"fnMap":{"0":{"name":"(anonymous_0)","decl":{"start":{"line":20,"column":4},"end":{"line":20,"column":5}},"loc":{"start":{"line":20,"column":35},"end":{"line":32,"column":5}},"line":20},"1":{"name":"(anonymous_1)","decl":{"start":{"line":34,"column":22},"end":{"line":34,"column":23}},"loc":{"start":{"line":34,"column":28},"end":{"line":46,"column":5}},"line":34},"2":{"name":"(anonymous_2)","decl":{"start":{"line":48,"column":29},"end":{"line":48,"column":30}},"loc":{"start":{"line":48,"column":47},"end":{"line":55,"column":5}},"line":48},"3":{"name":"(anonymous_3)","decl":{"start":{"line":58,"column":29},"end":{"line":58,"column":30}},"loc":{"start":{"line":58,"column":40},"end":{"line":75,"column":5}},"line":58},"4":{"name":"(anonymous_4)","decl":{"start":{"line":77,"column":20},"end":{"line":77,"column":21}},"loc":{"start":{"line":77,"column":31},"end":{"line":83,"column":5}},"line":77},"5":{"name":"(anonymous_5)","decl":{"start":{"line":85,"column":21},"end":{"line":85,"column":22}},"loc":{"start":{"line":85,"column":32},"end":{"line":92,"column":5}},"line":85},"6":{"name":"(anonymous_6)","decl":{"start":{"line":94,"column":21},"end":{"line":94,"column":22}},"loc":{"start":{"line":94,"column":32},"end":{"line":101,"column":5}},"line":94},"7":{"name":"(anonymous_7)","decl":{"start":{"line":103,"column":22},"end":{"line":103,"column":23}},"loc":{"start":{"line":103,"column":33},"end":{"line":105,"column":5}},"line":103},"8":{"name":"(anonymous_8)","decl":{"start":{"line":107,"column":20},"end":{"line":107,"column":21}},"loc":{"start":{"line":107,"column":31},"end":{"line":112,"column":5}},"line":107},"9":{"name":"(anonymous_9)","decl":{"start":{"line":114,"column":19},"end":{"line":114,"column":20}},"loc":{"start":{"line":114,"column":30},"end":{"line":137,"column":5}},"line":114},"10":{"name":"(anonymous_10)","decl":{"start":{"line":139,"column":25},"end":{"line":139,"column":26}},"loc":{"start":{"line":139,"column":31},"end":{"line":149,"column":5}},"line":139}},"branchMap":{"0":{"loc":{"start":{"line":22,"column":8},"end":{"line":24,"column":9}},"type":"if","locations":[{"start":{"line":22,"column":8},"end":{"line":24,"column":9}},{"start":{"line":22,"column":8},"end":{"line":24,"column":9}}],"line":22},"1":{"loc":{"start":{"line":35,"column":8},"end":{"line":45,"column":9}},"type":"if","locations":[{"start":{"line":35,"column":8},"end":{"line":45,"column":9}},{"start":{"line":35,"column":8},"end":{"line":45,"column":9}}],"line":35},"2":{"loc":{"start":{"line":51,"column":8},"end":{"line":53,"column":9}},"type":"if","locations":[{"start":{"line":51,"column":8},"end":{"line":53,"column":9}},{"start":{"line":51,"column":8},"end":{"line":53,"column":9}}],"line":51},"3":{"loc":{"start":{"line":51,"column":11},"end":{"line":51,"column":98}},"type":"binary-expr","locations":[{"start":{"line":51,"column":11},"end":{"line":51,"column":53}},{"start":{"line":51,"column":56},"end":{"line":51,"column":98}}],"line":51},"4":{"loc":{"start":{"line":61,"column":12},"end":{"line":73,"column":13}},"type":"if","locations":[{"start":{"line":61,"column":12},"end":{"line":73,"column":13}},{"start":{"line":61,"column":12},"end":{"line":73,"column":13}}],"line":61},"5":{"loc":{"start":{"line":62,"column":16},"end":{"line":69,"column":17}},"type":"if","locations":[{"start":{"line":62,"column":16},"end":{"line":69,"column":17}},{"start":{"line":62,"column":16},"end":{"line":69,"column":17}}],"line":62},"6":{"loc":{"start":{"line":78,"column":8},"end":{"line":81,"column":21}},"type":"if","locations":[{"start":{"line":78,"column":8},"end":{"line":81,"column":21}},{"start":{"line":78,"column":8},"end":{"line":81,"column":21}}],"line":78},"7":{"loc":{"start":{"line":78,"column":12},"end":{"line":78,"column":98}},"type":"binary-expr","locations":[{"start":{"line":78,"column":12},"end":{"line":78,"column":53}},{"start":{"line":78,"column":57},"end":{"line":78,"column":98}}],"line":78},"8":{"loc":{"start":{"line":86,"column":8},"end":{"line":91,"column":9}},"type":"if","locations":[{"start":{"line":86,"column":8},"end":{"line":91,"column":9}},{"start":{"line":86,"column":8},"end":{"line":91,"column":9}}],"line":86},"9":{"loc":{"start":{"line":95,"column":8},"end":{"line":100,"column":9}},"type":"if","locations":[{"start":{"line":95,"column":8},"end":{"line":100,"column":9}},{"start":{"line":95,"column":8},"end":{"line":100,"column":9}}],"line":95},"10":{"loc":{"start":{"line":108,"column":8},"end":{"line":111,"column":21}},"type":"if","locations":[{"start":{"line":108,"column":8},"end":{"line":111,"column":21}},{"start":{"line":108,"column":8},"end":{"line":111,"column":21}}],"line":108},"11":{"loc":{"start":{"line":108,"column":12},"end":{"line":108,"column":96}},"type":"binary-expr","locations":[{"start":{"line":108,"column":12},"end":{"line":108,"column":52}},{"start":{"line":108,"column":56},"end":{"line":108,"column":96}}],"line":108},"12":{"loc":{"start":{"line":116,"column":8},"end":{"line":135,"column":9}},"type":"if","locations":[{"start":{"line":116,"column":8},"end":{"line":135,"column":9}},{"start":{"line":116,"column":8},"end":{"line":135,"column":9}}],"line":116},"13":{"loc":{"start":{"line":125,"column":16},"end":{"line":127,"column":17}},"type":"if","locations":[{"start":{"line":125,"column":16},"end":{"line":127,"column":17}},{"start":{"line":125,"column":16},"end":{"line":127,"column":17}}],"line":125},"14":{"loc":{"start":{"line":129,"column":16},"end":{"line":132,"column":17}},"type":"if","locations":[{"start":{"line":129,"column":16},"end":{"line":132,"column":17}},{"start":{"line":129,"column":16},"end":{"line":132,"column":17}}],"line":129}},"s":{"0":6,"1":6,"2":3,"3":6,"4":6,"5":3,"6":1,"7":1,"8":2,"9":2,"10":2,"11":2,"12":2,"13":6,"14":2,"15":2,"16":2,"17":1,"18":2,"19":6,"20":6,"21":6,"22":6,"23":11,"24":5,"25":1,"26":4,"27":4,"28":4,"29":6,"30":6,"31":6,"32":4,"33":2,"34":6,"35":6,"36":3,"37":3,"38":6,"39":6,"40":3,"41":3,"42":6,"43":6,"44":6,"45":6,"46":3,"47":3,"48":6,"49":6,"50":6,"51":3,"52":3,"53":3,"54":17,"55":17,"56":17,"57":17,"58":17,"59":3,"60":3,"61":17,"62":6,"63":3,"64":3,"65":10,"66":10,"67":10,"68":10},"f":{"0":6,"1":3,"2":2,"3":6,"4":6,"5":6,"6":6,"7":6,"8":6,"9":6,"10":3},"b":{"0":[3,3],"1":[1,2],"2":[1,1],"3":[2,1],"4":[5,6],"5":[1,4],"6":[4,2],"7":[6,4],"8":[3,3],"9":[3,3],"10":[3,3],"11":[6,3],"12":[3,3],"13":[17,0],"14":[3,14]},"_coverageSchema":"1a1c01bbd47fc00a2c39e90264f33305004495a9","hash":"4626341b7327d6aef68adebf7eb6cacbf87a73fd"}
}
