{"C:\\Projects\\Slider\\src\\model.ts": {"path":"C:\\Projects\\Slider\\src\\model.ts","statementMap":{"0":{"start":{"line":23,"column":8},"end":{"line":23,"column":31}},"1":{"start":{"line":24,"column":8},"end":{"line":26,"column":9}},"2":{"start":{"line":25,"column":12},"end":{"line":25,"column":35}},"3":{"start":{"line":27,"column":8},"end":{"line":33,"column":29}},"4":{"start":{"line":36,"column":22},"end":{"line":48,"column":5}},"5":{"start":{"line":37,"column":8},"end":{"line":47,"column":9}},"6":{"start":{"line":38,"column":14},"end":{"line":38,"column":76}},"7":{"start":{"line":39,"column":14},"end":{"line":39,"column":21}},"8":{"start":{"line":42,"column":23},"end":{"line":42,"column":52}},"9":{"start":{"line":43,"column":34},"end":{"line":43,"column":50}},"10":{"start":{"line":44,"column":12},"end":{"line":44,"column":43}},"11":{"start":{"line":45,"column":12},"end":{"line":45,"column":51}},"12":{"start":{"line":46,"column":12},"end":{"line":46,"column":48}},"13":{"start":{"line":50,"column":29},"end":{"line":57,"column":5}},"14":{"start":{"line":51,"column":8},"end":{"line":51,"column":39}},"15":{"start":{"line":52,"column":8},"end":{"line":52,"column":50}},"16":{"start":{"line":53,"column":8},"end":{"line":55,"column":9}},"17":{"start":{"line":54,"column":12},"end":{"line":54,"column":61}},"18":{"start":{"line":56,"column":8},"end":{"line":56,"column":34}},"19":{"start":{"line":60,"column":29},"end":{"line":77,"column":5}},"20":{"start":{"line":61,"column":8},"end":{"line":61,"column":31}},"21":{"start":{"line":62,"column":8},"end":{"line":76,"column":9}},"22":{"start":{"line":62,"column":21},"end":{"line":62,"column":22}},"23":{"start":{"line":63,"column":12},"end":{"line":75,"column":13}},"24":{"start":{"line":64,"column":16},"end":{"line":71,"column":17}},"25":{"start":{"line":65,"column":20},"end":{"line":65,"column":27}},"26":{"start":{"line":68,"column":40},"end":{"line":68,"column":69}},"27":{"start":{"line":69,"column":45},"end":{"line":69,"column":71}},"28":{"start":{"line":70,"column":20},"end":{"line":70,"column":48}},"29":{"start":{"line":74,"column":16},"end":{"line":74,"column":69}},"30":{"start":{"line":79,"column":20},"end":{"line":81,"column":5}},"31":{"start":{"line":80,"column":8},"end":{"line":80,"column":82}},"32":{"start":{"line":83,"column":21},"end":{"line":90,"column":5}},"33":{"start":{"line":84,"column":8},"end":{"line":89,"column":9}},"34":{"start":{"line":85,"column":12},"end":{"line":85,"column":54}},"35":{"start":{"line":88,"column":12},"end":{"line":88,"column":78}},"36":{"start":{"line":92,"column":21},"end":{"line":99,"column":5}},"37":{"start":{"line":93,"column":8},"end":{"line":98,"column":9}},"38":{"start":{"line":94,"column":12},"end":{"line":94,"column":60}},"39":{"start":{"line":97,"column":12},"end":{"line":97,"column":74}},"40":{"start":{"line":101,"column":22},"end":{"line":103,"column":5}},"41":{"start":{"line":102,"column":8},"end":{"line":102,"column":50}},"42":{"start":{"line":105,"column":20},"end":{"line":107,"column":5}},"43":{"start":{"line":106,"column":8},"end":{"line":106,"column":80}},"44":{"start":{"line":109,"column":19},"end":{"line":127,"column":5}},"45":{"start":{"line":110,"column":8},"end":{"line":110,"column":28}},"46":{"start":{"line":111,"column":8},"end":{"line":125,"column":9}},"47":{"start":{"line":112,"column":12},"end":{"line":112,"column":38}},"48":{"start":{"line":115,"column":12},"end":{"line":124,"column":13}},"49":{"start":{"line":115,"column":25},"end":{"line":115,"column":26}},"50":{"start":{"line":116,"column":34},"end":{"line":116,"column":36}},"51":{"start":{"line":117,"column":16},"end":{"line":117,"column":75}},"52":{"start":{"line":118,"column":16},"end":{"line":118,"column":54}},"53":{"start":{"line":119,"column":16},"end":{"line":122,"column":17}},"54":{"start":{"line":120,"column":20},"end":{"line":120,"column":41}},"55":{"start":{"line":121,"column":20},"end":{"line":121,"column":55}},"56":{"start":{"line":123,"column":16},"end":{"line":123,"column":44}},"57":{"start":{"line":129,"column":25},"end":{"line":136,"column":5}},"58":{"start":{"line":130,"column":8},"end":{"line":135,"column":9}},"59":{"start":{"line":130,"column":21},"end":{"line":130,"column":22}},"60":{"start":{"line":131,"column":30},"end":{"line":131,"column":32}},"61":{"start":{"line":132,"column":12},"end":{"line":132,"column":50}},"62":{"start":{"line":133,"column":12},"end":{"line":133,"column":50}},"63":{"start":{"line":134,"column":12},"end":{"line":134,"column":40}}},"fnMap":{"0":{"name":"(anonymous_0)","decl":{"start":{"line":22,"column":4},"end":{"line":22,"column":5}},"loc":{"start":{"line":22,"column":35},"end":{"line":34,"column":5}},"line":22},"1":{"name":"(anonymous_1)","decl":{"start":{"line":36,"column":22},"end":{"line":36,"column":23}},"loc":{"start":{"line":36,"column":28},"end":{"line":48,"column":5}},"line":36},"2":{"name":"(anonymous_2)","decl":{"start":{"line":50,"column":29},"end":{"line":50,"column":30}},"loc":{"start":{"line":50,"column":47},"end":{"line":57,"column":5}},"line":50},"3":{"name":"(anonymous_3)","decl":{"start":{"line":60,"column":29},"end":{"line":60,"column":30}},"loc":{"start":{"line":60,"column":40},"end":{"line":77,"column":5}},"line":60},"4":{"name":"(anonymous_4)","decl":{"start":{"line":79,"column":20},"end":{"line":79,"column":21}},"loc":{"start":{"line":79,"column":31},"end":{"line":81,"column":5}},"line":79},"5":{"name":"(anonymous_5)","decl":{"start":{"line":83,"column":21},"end":{"line":83,"column":22}},"loc":{"start":{"line":83,"column":32},"end":{"line":90,"column":5}},"line":83},"6":{"name":"(anonymous_6)","decl":{"start":{"line":92,"column":21},"end":{"line":92,"column":22}},"loc":{"start":{"line":92,"column":32},"end":{"line":99,"column":5}},"line":92},"7":{"name":"(anonymous_7)","decl":{"start":{"line":101,"column":22},"end":{"line":101,"column":23}},"loc":{"start":{"line":101,"column":33},"end":{"line":103,"column":5}},"line":101},"8":{"name":"(anonymous_8)","decl":{"start":{"line":105,"column":20},"end":{"line":105,"column":21}},"loc":{"start":{"line":105,"column":31},"end":{"line":107,"column":5}},"line":105},"9":{"name":"(anonymous_9)","decl":{"start":{"line":109,"column":19},"end":{"line":109,"column":20}},"loc":{"start":{"line":109,"column":30},"end":{"line":127,"column":5}},"line":109},"10":{"name":"(anonymous_10)","decl":{"start":{"line":129,"column":25},"end":{"line":129,"column":26}},"loc":{"start":{"line":129,"column":31},"end":{"line":136,"column":5}},"line":129}},"branchMap":{"0":{"loc":{"start":{"line":24,"column":8},"end":{"line":26,"column":9}},"type":"if","locations":[{"start":{"line":24,"column":8},"end":{"line":26,"column":9}},{"start":{"line":24,"column":8},"end":{"line":26,"column":9}}],"line":24},"1":{"loc":{"start":{"line":37,"column":8},"end":{"line":47,"column":9}},"type":"if","locations":[{"start":{"line":37,"column":8},"end":{"line":47,"column":9}},{"start":{"line":37,"column":8},"end":{"line":47,"column":9}}],"line":37},"2":{"loc":{"start":{"line":53,"column":8},"end":{"line":55,"column":9}},"type":"if","locations":[{"start":{"line":53,"column":8},"end":{"line":55,"column":9}},{"start":{"line":53,"column":8},"end":{"line":55,"column":9}}],"line":53},"3":{"loc":{"start":{"line":53,"column":11},"end":{"line":53,"column":98}},"type":"binary-expr","locations":[{"start":{"line":53,"column":11},"end":{"line":53,"column":53}},{"start":{"line":53,"column":56},"end":{"line":53,"column":98}}],"line":53},"4":{"loc":{"start":{"line":63,"column":12},"end":{"line":75,"column":13}},"type":"if","locations":[{"start":{"line":63,"column":12},"end":{"line":75,"column":13}},{"start":{"line":63,"column":12},"end":{"line":75,"column":13}}],"line":63},"5":{"loc":{"start":{"line":64,"column":16},"end":{"line":71,"column":17}},"type":"if","locations":[{"start":{"line":64,"column":16},"end":{"line":71,"column":17}},{"start":{"line":64,"column":16},"end":{"line":71,"column":17}}],"line":64},"6":{"loc":{"start":{"line":84,"column":8},"end":{"line":89,"column":9}},"type":"if","locations":[{"start":{"line":84,"column":8},"end":{"line":89,"column":9}},{"start":{"line":84,"column":8},"end":{"line":89,"column":9}}],"line":84},"7":{"loc":{"start":{"line":93,"column":8},"end":{"line":98,"column":9}},"type":"if","locations":[{"start":{"line":93,"column":8},"end":{"line":98,"column":9}},{"start":{"line":93,"column":8},"end":{"line":98,"column":9}}],"line":93},"8":{"loc":{"start":{"line":111,"column":8},"end":{"line":125,"column":9}},"type":"if","locations":[{"start":{"line":111,"column":8},"end":{"line":125,"column":9}},{"start":{"line":111,"column":8},"end":{"line":125,"column":9}}],"line":111},"9":{"loc":{"start":{"line":119,"column":16},"end":{"line":122,"column":17}},"type":"if","locations":[{"start":{"line":119,"column":16},"end":{"line":122,"column":17}},{"start":{"line":119,"column":16},"end":{"line":122,"column":17}}],"line":119}},"s":{"0":6,"1":6,"2":3,"3":6,"4":6,"5":3,"6":1,"7":1,"8":2,"9":2,"10":2,"11":2,"12":2,"13":6,"14":2,"15":2,"16":2,"17":1,"18":2,"19":6,"20":6,"21":6,"22":6,"23":11,"24":5,"25":1,"26":4,"27":4,"28":4,"29":6,"30":6,"31":6,"32":6,"33":6,"34":3,"35":3,"36":6,"37":6,"38":3,"39":3,"40":6,"41":6,"42":6,"43":6,"44":6,"45":6,"46":6,"47":3,"48":3,"49":3,"50":17,"51":17,"52":17,"53":17,"54":3,"55":3,"56":17,"57":6,"58":3,"59":3,"60":10,"61":10,"62":10,"63":10},"f":{"0":6,"1":3,"2":2,"3":6,"4":6,"5":6,"6":6,"7":6,"8":6,"9":6,"10":3},"b":{"0":[3,3],"1":[1,2],"2":[1,1],"3":[2,1],"4":[5,6],"5":[1,4],"6":[3,3],"7":[3,3],"8":[3,3],"9":[3,14]},"_coverageSchema":"1a1c01bbd47fc00a2c39e90264f33305004495a9","hash":"2018758ee0414135d520203d2c62c156bfc98694"}
}
