TN:
SF:src\model.ts
FN:20,(anonymous_0)
FN:34,(anonymous_1)
FN:48,(anonymous_2)
FN:58,(anonymous_3)
FN:77,(anonymous_4)
FN:85,(anonymous_5)
FN:94,(anonymous_6)
FN:103,(anonymous_7)
FN:107,(anonymous_8)
FN:114,(anonymous_9)
FN:139,(anonymous_10)
FNF:11
FNH:11
FNDA:6,(anonymous_0)
FNDA:3,(anonymous_1)
FNDA:2,(anonymous_2)
FNDA:6,(anonymous_3)
FNDA:6,(anonymous_4)
FNDA:6,(anonymous_5)
FNDA:6,(anonymous_6)
FNDA:6,(anonymous_7)
FNDA:6,(anonymous_8)
FNDA:6,(anonymous_9)
FNDA:3,(anonymous_10)
DA:21,6
DA:22,6
DA:23,3
DA:25,6
DA:34,6
DA:35,3
DA:36,1
DA:37,1
DA:40,2
DA:41,2
DA:42,2
DA:43,2
DA:44,2
DA:48,6
DA:49,2
DA:50,2
DA:51,2
DA:52,1
DA:54,2
DA:58,6
DA:59,6
DA:60,6
DA:61,11
DA:62,5
DA:63,1
DA:66,4
DA:67,4
DA:68,4
DA:72,6
DA:77,6
DA:78,6
DA:79,4
DA:81,2
DA:85,6
DA:86,6
DA:87,3
DA:90,3
DA:94,6
DA:95,6
DA:96,3
DA:99,3
DA:103,6
DA:104,6
DA:107,6
DA:108,6
DA:109,3
DA:111,3
DA:114,6
DA:115,6
DA:116,6
DA:117,3
DA:120,3
DA:121,17
DA:125,17
DA:126,17
DA:128,17
DA:129,17
DA:130,3
DA:131,3
DA:133,17
DA:139,6
DA:140,3
DA:141,10
DA:145,10
DA:146,10
DA:147,10
LF:66
LH:66
BRDA:22,0,0,3
BRDA:22,0,1,3
BRDA:35,1,0,1
BRDA:35,1,1,2
BRDA:51,2,0,1
BRDA:51,2,1,1
BRDA:51,3,0,2
BRDA:51,3,1,1
BRDA:61,4,0,5
BRDA:61,4,1,6
BRDA:62,5,0,1
BRDA:62,5,1,4
BRDA:78,6,0,4
BRDA:78,6,1,2
BRDA:78,7,0,6
BRDA:78,7,1,4
BRDA:86,8,0,3
BRDA:86,8,1,3
BRDA:95,9,0,3
BRDA:95,9,1,3
BRDA:108,10,0,3
BRDA:108,10,1,3
BRDA:108,11,0,6
BRDA:108,11,1,3
BRDA:116,12,0,3
BRDA:116,12,1,3
BRDA:125,13,0,17
BRDA:125,13,1,0
BRDA:129,14,0,3
BRDA:129,14,1,14
BRF:30
BRH:29
end_of_record
