TN:
SF:src\model.ts
FN:22,(anonymous_0)
FN:36,(anonymous_1)
FN:50,(anonymous_2)
FN:60,(anonymous_3)
FN:79,(anonymous_4)
FN:83,(anonymous_5)
FN:92,(anonymous_6)
FN:101,(anonymous_7)
FN:105,(anonymous_8)
FN:109,(anonymous_9)
FN:129,(anonymous_10)
FNF:11
FNH:11
FNDA:6,(anonymous_0)
FNDA:3,(anonymous_1)
FNDA:2,(anonymous_2)
FNDA:6,(anonymous_3)
FNDA:6,(anonymous_4)
FNDA:6,(anonymous_5)
FNDA:6,(anonymous_6)
FNDA:6,(anonymous_7)
FNDA:6,(anonymous_8)
FNDA:6,(anonymous_9)
FNDA:3,(anonymous_10)
DA:23,6
DA:24,6
DA:25,3
DA:27,6
DA:36,6
DA:37,3
DA:38,1
DA:39,1
DA:42,2
DA:43,2
DA:44,2
DA:45,2
DA:46,2
DA:50,6
DA:51,2
DA:52,2
DA:53,2
DA:54,1
DA:56,2
DA:60,6
DA:61,6
DA:62,6
DA:63,11
DA:64,5
DA:65,1
DA:68,4
DA:69,4
DA:70,4
DA:74,6
DA:79,6
DA:80,6
DA:83,6
DA:84,6
DA:85,3
DA:88,3
DA:92,6
DA:93,6
DA:94,3
DA:97,3
DA:101,6
DA:102,6
DA:105,6
DA:106,6
DA:109,6
DA:110,6
DA:111,6
DA:112,3
DA:115,3
DA:116,17
DA:117,17
DA:118,17
DA:119,17
DA:120,3
DA:121,3
DA:123,17
DA:129,6
DA:130,3
DA:131,10
DA:132,10
DA:133,10
DA:134,10
LF:61
LH:61
BRDA:24,0,0,3
BRDA:24,0,1,3
BRDA:37,1,0,1
BRDA:37,1,1,2
BRDA:53,2,0,1
BRDA:53,2,1,1
BRDA:53,3,0,2
BRDA:53,3,1,1
BRDA:63,4,0,5
BRDA:63,4,1,6
BRDA:64,5,0,1
BRDA:64,5,1,4
BRDA:84,6,0,3
BRDA:84,6,1,3
BRDA:93,7,0,3
BRDA:93,7,1,3
BRDA:111,8,0,3
BRDA:111,8,1,3
BRDA:119,9,0,3
BRDA:119,9,1,14
BRF:20
BRH:20
end_of_record
